#
# A fatal error has been detected by the Java Runtime Environment:
#
#  EXCEPTION_ACCESS_VIOLATION (0xc0000005) at pc=0x00007ff95c976f56, pid=8392, tid=3536
#
# JRE version: OpenJDK Runtime Environment (17.0.2+8) (build 17.0.2+8-86)
# Java VM: OpenJDK 64-Bit Server VM (17.0.2+8-86, mixed mode, sharing, tiered, compressed oops, compressed class ptrs, g1 gc, windows-amd64)
# Problematic frame:
# C  [igxelpicd64.dll+0x1e6f56]
#
# No core dump will be written. Minidumps are not enabled by default on client versions of Windows
#
# If you would like to submit a bug report, please visit:
#   https://bugreport.java.com/bugreport/crash.jsp
# The crash happened outside the Java Virtual Machine in native code.
# See problematic frame for where to report the bug.
#

---------------  S U M M A R Y ------------

Command Line: -agentlib:jdwp=transport=dt_socket,server=n,suspend=y,address=127.0.0.1:50002 -Dfile.encoding=windows-1252 -Duser.country=GB -Duser.language=en -Duser.variant com.badlogic.Base.DesktopLauncher

Host: 11th Gen Intel(R) Core(TM) i7-11370H @ 3.30GHz, 8 cores, 7G,  Windows 11 , 64 bit Build 22000 (10.0.22000.675)
Time: Thu Jun 16 15:55:01 2022 W. Europe Daylight Time elapsed time: 58.570293 seconds (0d 0h 0m 58s)

---------------  T H R E A D  ---------------

Current thread (0x0000021a4ad18170):  JavaThread "JDWP Transport Listener: dt_socket" daemon [_thread_in_native, id=3536, stack(0x000000cd2a100000,0x000000cd2a200000)]

Stack: [0x000000cd2a100000,0x000000cd2a200000],  sp=0x000000cd2a1fe2b0,  free space=1016k
Native frames: (J=compiled Java code, j=interpreted, Vv=VM code, C=native code)
C