#
# A fatal error has been detected by the Java Runtime Environment:
#
#  EXCEPTION_ACCESS_VIOLATION (0xc0000005) at pc=0x00007ff928236f56, pid=7172, tid=17596
#
# JRE version: OpenJDK Runtime Environment (17.0.2+8) (build 17.0.2+8-86)
# Java VM: OpenJDK 64-Bit Server VM (17.0.2+8-86, mixed mode, sharing, tiered, compressed oops, compressed class ptrs, g1 gc, windows-amd64)
# Problematic frame:
# C  [igxelpicd64.dll+0x1e6f56]
#
# No core dump will be written. Minidumps are not enabled by default on client versions of Windows
#
# If you would like to submit a bug report, please visit:
#   https://bugreport.java.com/bugreport/crash.jsp
# The crash happened outside the Java Virtual Machine in native code.
# See problematic frame for where to report the bug.
#

---------------  S U M M A R Y ------------

Command Line: -agentlib:jdwp=transport=dt_socket,server=n,suspend=y,address=127.0.0.1:50684 -Dfile.encoding=windows-1252 -Duser.country=GB -Duser.language=en -Duser.variant com.badlogic.Base.DesktopLauncher

Host: 11th Gen Intel(R) Core(TM) i7-11370H @ 3.30GHz, 8 cores, 7G,  Windows 11 , 64 bit Build 22000 (10.0.22000.675)
Time: Tue Jun 14 22:57:36 2022 Romance Daylight Time elapsed time: 251.899048 seconds (0d 0h 4m 11s)

---------------  T H R E A D  ---------------

Current thread (0x000001cc7ccc8060):  JavaThread "JDWP Transport Listener: dt_socket" daemon [_thread_in_native, id=17596, stack(0x000000aca4400000,0x000000aca4500000)]

Stack: [0x000000aca4400000,0x000000aca4500000],  sp=0x000000aca44fe810,  free space=1018k
Native frames: (J=compiled Java code, j=interpreted, Vv=VM code, C=native code)
C